mode: set
github.com/LeonLow97/inventory-management-system-golang-react-postgresql/utils/passwordHash.go:5.45,11.2 3 1
github.com/LeonLow97/inventory-management-system-golang-react-postgresql/utils/passwordHash.go:13.63,16.2 2 1
github.com/LeonLow97/inventory-management-system-golang-react-postgresql/utils/responseJson.go:10.68,29.2 4 1
github.com/LeonLow97/inventory-management-system-golang-react-postgresql/utils/responseJson.go:31.76,34.2 2 1
github.com/LeonLow97/inventory-management-system-golang-react-postgresql/utils/responseJson.go:36.76,39.2 2 1
github.com/LeonLow97/inventory-management-system-golang-react-postgresql/utils/checkError.go:5.28,6.16 1 1
github.com/LeonLow97/inventory-management-system-golang-react-postgresql/utils/checkError.go:6.16,8.3 1 1
github.com/LeonLow97/inventory-management-system-golang-react-postgresql/utils/checkError.go:11.36,12.16 1 1
github.com/LeonLow97/inventory-management-system-golang-react-postgresql/utils/checkError.go:12.16,14.3 1 1
github.com/LeonLow97/inventory-management-system-golang-react-postgresql/utils/checkFormat.go:5.65,6.52 1 1
github.com/LeonLow97/inventory-management-system-golang-react-postgresql/utils/checkFormat.go:9.2,9.13 1 1
github.com/LeonLow97/inventory-management-system-golang-react-postgresql/utils/checkFormat.go:6.52,8.3 1 1
github.com/LeonLow97/inventory-management-system-golang-react-postgresql/utils/checkFormat.go:12.40,16.2 2 1
github.com/LeonLow97/inventory-management-system-golang-react-postgresql/utils/checkFormat.go:18.40,22.2 2 1
github.com/LeonLow97/inventory-management-system-golang-react-postgresql/utils/checkFormat.go:24.44,28.2 2 1
