mode: set
github.com/LeonLow97/inventory-management-system-golang-react-postgresql/utils/checkUserGroup.go:11.88,15.16 2 0
github.com/LeonLow97/inventory-management-system-golang-react-postgresql/utils/checkUserGroup.go:20.2,22.18 2 0
github.com/LeonLow97/inventory-management-system-golang-react-postgresql/utils/checkUserGroup.go:34.2,35.14 2 0
github.com/LeonLow97/inventory-management-system-golang-react-postgresql/utils/checkUserGroup.go:15.16,18.3 2 0
github.com/LeonLow97/inventory-management-system-golang-react-postgresql/utils/checkUserGroup.go:22.18,24.17 2 0
github.com/LeonLow97/inventory-management-system-golang-react-postgresql/utils/checkUserGroup.go:29.3,29.38 1 0
github.com/LeonLow97/inventory-management-system-golang-react-postgresql/utils/checkUserGroup.go:24.17,27.4 2 0
github.com/LeonLow97/inventory-management-system-golang-react-postgresql/utils/checkUserGroup.go:29.38,31.4 1 0
github.com/LeonLow97/inventory-management-system-golang-react-postgresql/utils/checkUserGroup.go:38.42,39.25 1 0
github.com/LeonLow97/inventory-management-system-golang-react-postgresql/utils/checkUserGroup.go:44.5,44.17 1 0
github.com/LeonLow97/inventory-management-system-golang-react-postgresql/utils/checkUserGroup.go:39.25,40.36 1 0
github.com/LeonLow97/inventory-management-system-golang-react-postgresql/utils/checkUserGroup.go:40.36,42.10 1 0
github.com/LeonLow97/inventory-management-system-golang-react-postgresql/utils/generate2FA.go:10.29,15.25 2 0
github.com/LeonLow97/inventory-management-system-golang-react-postgresql/utils/generate2FA.go:27.2,32.16 4 0
github.com/LeonLow97/inventory-management-system-golang-react-postgresql/utils/generate2FA.go:37.2,39.52 2 0
github.com/LeonLow97/inventory-management-system-golang-react-postgresql/utils/generate2FA.go:15.25,17.17 2 0
github.com/LeonLow97/inventory-management-system-golang-react-postgresql/utils/generate2FA.go:21.3,21.21 1 0
github.com/LeonLow97/inventory-management-system-golang-react-postgresql/utils/generate2FA.go:17.17,19.4 1 0
github.com/LeonLow97/inventory-management-system-golang-react-postgresql/utils/generate2FA.go:21.21,23.4 1 0
github.com/LeonLow97/inventory-management-system-golang-react-postgresql/utils/generate2FA.go:23.9,25.4 1 0
github.com/LeonLow97/inventory-management-system-golang-react-postgresql/utils/generate2FA.go:32.16,34.3 1 0
github.com/LeonLow97/inventory-management-system-golang-react-postgresql/utils/passwordHash.go:9.45,12.16 2 1
github.com/LeonLow97/inventory-management-system-golang-react-postgresql/utils/passwordHash.go:16.2,16.21 1 1
github.com/LeonLow97/inventory-management-system-golang-react-postgresql/utils/passwordHash.go:12.16,14.3 1 0
github.com/LeonLow97/inventory-management-system-golang-react-postgresql/utils/passwordHash.go:19.63,22.2 2 1
github.com/LeonLow97/inventory-management-system-golang-react-postgresql/utils/responseJson.go:10.68,20.16 3 1
github.com/LeonLow97/inventory-management-system-golang-react-postgresql/utils/responseJson.go:30.2,30.31 1 1
github.com/LeonLow97/inventory-management-system-golang-react-postgresql/utils/responseJson.go:20.16,22.3 1 0
github.com/LeonLow97/inventory-management-system-golang-react-postgresql/utils/responseJson.go:33.76,36.2 2 1
github.com/LeonLow97/inventory-management-system-golang-react-postgresql/utils/smtp.go:17.54,79.19 12 0
github.com/LeonLow97/inventory-management-system-golang-react-postgresql/utils/smtp.go:79.19,81.6 1 0
github.com/LeonLow97/inventory-management-system-golang-react-postgresql/utils/smtp.go:84.33,93.2 1 0
github.com/LeonLow97/inventory-management-system-golang-react-postgresql/utils/checkFormat.go:8.70,9.52 1 1
github.com/LeonLow97/inventory-management-system-golang-react-postgresql/utils/checkFormat.go:12.2,12.13 1 1
github.com/LeonLow97/inventory-management-system-golang-react-postgresql/utils/checkFormat.go:9.52,11.3 1 1
github.com/LeonLow97/inventory-management-system-golang-react-postgresql/utils/checkFormat.go:16.38,20.2 2 1
github.com/LeonLow97/inventory-management-system-golang-react-postgresql/utils/checkFormat.go:23.36,25.2 1 1
github.com/LeonLow97/inventory-management-system-golang-react-postgresql/utils/checkFormat.go:28.48,32.2 2 1
github.com/LeonLow97/inventory-management-system-golang-react-postgresql/utils/checkFormat.go:35.48,37.54 1 1
github.com/LeonLow97/inventory-management-system-golang-react-postgresql/utils/checkFormat.go:42.5,42.54 1 1
github.com/LeonLow97/inventory-management-system-golang-react-postgresql/utils/checkFormat.go:47.5,47.51 1 1
github.com/LeonLow97/inventory-management-system-golang-react-postgresql/utils/checkFormat.go:52.5,52.83 1 1
github.com/LeonLow97/inventory-management-system-golang-react-postgresql/utils/checkFormat.go:57.5,57.16 1 1
github.com/LeonLow97/inventory-management-system-golang-react-postgresql/utils/checkFormat.go:37.54,39.6 1 1
github.com/LeonLow97/inventory-management-system-golang-react-postgresql/utils/checkFormat.go:42.54,44.6 1 1
github.com/LeonLow97/inventory-management-system-golang-react-postgresql/utils/checkFormat.go:47.51,49.6 1 1
github.com/LeonLow97/inventory-management-system-golang-react-postgresql/utils/checkFormat.go:52.83,54.6 1 1
github.com/LeonLow97/inventory-management-system-golang-react-postgresql/utils/checkFormat.go:60.43,64.2 2 1
