mode: set
github.com/LeonLow97/inventory-management-system-golang-react-postgresql/utils/checkError.go:5.28,6.16 1 1
github.com/LeonLow97/inventory-management-system-golang-react-postgresql/utils/checkError.go:6.16,8.3 1 1
github.com/LeonLow97/inventory-management-system-golang-react-postgresql/utils/checkError.go:11.36,12.16 1 1
github.com/LeonLow97/inventory-management-system-golang-react-postgresql/utils/checkError.go:12.16,14.3 1 1
github.com/LeonLow97/inventory-management-system-golang-react-postgresql/utils/checkFormat.go:5.65,6.52 1 0
github.com/LeonLow97/inventory-management-system-golang-react-postgresql/utils/checkFormat.go:9.2,9.13 1 0
github.com/LeonLow97/inventory-management-system-golang-react-postgresql/utils/checkFormat.go:6.52,8.3 1 0
github.com/LeonLow97/inventory-management-system-golang-react-postgresql/utils/checkFormat.go:12.40,16.2 2 0
github.com/LeonLow97/inventory-management-system-golang-react-postgresql/utils/checkFormat.go:18.40,22.2 2 0
github.com/LeonLow97/inventory-management-system-golang-react-postgresql/utils/checkFormat.go:24.44,28.2 2 0
github.com/LeonLow97/inventory-management-system-golang-react-postgresql/utils/passwordHash.go:5.63,8.2 2 0
github.com/LeonLow97/inventory-management-system-golang-react-postgresql/utils/passwordHash.go:10.45,16.2 3 0
github.com/LeonLow97/inventory-management-system-golang-react-postgresql/utils/responseJson.go:10.68,20.16 3 0
github.com/LeonLow97/inventory-management-system-golang-react-postgresql/utils/responseJson.go:30.2,30.31 1 0
github.com/LeonLow97/inventory-management-system-golang-react-postgresql/utils/responseJson.go:20.16,22.3 1 0
github.com/LeonLow97/inventory-management-system-golang-react-postgresql/utils/responseJson.go:33.76,36.2 2 0
